Determining if the log exist failed with the following output:
Change Dir: /mnt/c/Users/chens/Desktop/Junior Year/Term 2/Open Source Software/Labs/lab-07/CI_CD_build/CMakeFiles/CMakeTmp

Run Build Command:"/usr/bin/make" "cmTC_d0e3e/fast"
/usr/bin/make -f CMakeFiles/cmTC_d0e3e.dir/build.make CMakeFiles/cmTC_d0e3e.dir/build
make[1]: Entering directory '/mnt/c/Users/chens/Desktop/Junior Year/Term 2/Open Source Software/Labs/lab-07/CI_CD_build/CMakeFiles/CMakeTmp'
Building C object CMakeFiles/cmTC_d0e3e.dir/CheckSymbolExists.c.o
/usr/bin/cc    -o CMakeFiles/cmTC_d0e3e.dir/CheckSymbolExists.c.o   -c "/mnt/c/Users/chens/Desktop/Junior Year/Term 2/Open Source Software/Labs/lab-07/CI_CD_build/CMakeFiles/CMakeTmp/CheckSymbolExists.c"
Linking C executable cmTC_d0e3e
/usr/bin/cmake -E cmake_link_script CMakeFiles/cmTC_d0e3e.dir/link.txt --verbose=1
/usr/bin/cc      CMakeFiles/cmTC_d0e3e.dir/CheckSymbolExists.c.o  -o cmTC_d0e3e 
CMakeFiles/cmTC_d0e3e.dir/CheckSymbolExists.c.o: In function `main':
CheckSymbolExists.c:(.text+0x1b): undefined reference to `log'
collect2: error: ld returned 1 exit status
CMakeFiles/cmTC_d0e3e.dir/build.make:97: recipe for target 'cmTC_d0e3e' failed
make[1]: *** [cmTC_d0e3e] Error 1
make[1]: Leaving directory '/mnt/c/Users/chens/Desktop/Junior Year/Term 2/Open Source Software/Labs/lab-07/CI_CD_build/CMakeFiles/CMakeTmp'
Makefile:126: recipe for target 'cmTC_d0e3e/fast' failed
make: *** [cmTC_d0e3e/fast] Error 2

File /mnt/c/Users/chens/Desktop/Junior Year/Term 2/Open Source Software/Labs/lab-07/CI_CD_build/CMakeFiles/CMakeTmp/CheckSymbolExists.c:
/* */
#include <math.h>

int main(int argc, char** argv)
{
  (void)argv;
#ifndef log
  return ((int*)(&log))[argc];
#else
  (void)argc;
  return 0;
#endif
}

Determining if the exp exist failed with the following output:
Change Dir: /mnt/c/Users/chens/Desktop/Junior Year/Term 2/Open Source Software/Labs/lab-07/CI_CD_build/CMakeFiles/CMakeTmp

Run Build Command:"/usr/bin/make" "cmTC_e88a6/fast"
/usr/bin/make -f CMakeFiles/cmTC_e88a6.dir/build.make CMakeFiles/cmTC_e88a6.dir/build
make[1]: Entering directory '/mnt/c/Users/chens/Desktop/Junior Year/Term 2/Open Source Software/Labs/lab-07/CI_CD_build/CMakeFiles/CMakeTmp'
Building C object CMakeFiles/cmTC_e88a6.dir/CheckSymbolExists.c.o
/usr/bin/cc    -o CMakeFiles/cmTC_e88a6.dir/CheckSymbolExists.c.o   -c "/mnt/c/Users/chens/Desktop/Junior Year/Term 2/Open Source Software/Labs/lab-07/CI_CD_build/CMakeFiles/CMakeTmp/CheckSymbolExists.c"
Linking C executable cmTC_e88a6
/usr/bin/cmake -E cmake_link_script CMakeFiles/cmTC_e88a6.dir/link.txt --verbose=1
/usr/bin/cc      CMakeFiles/cmTC_e88a6.dir/CheckSymbolExists.c.o  -o cmTC_e88a6 
CMakeFiles/cmTC_e88a6.dir/CheckSymbolExists.c.o: In function `main':
CheckSymbolExists.c:(.text+0x1b): undefined reference to `exp'
collect2: error: ld returned 1 exit status
CMakeFiles/cmTC_e88a6.dir/build.make:97: recipe for target 'cmTC_e88a6' failed
make[1]: *** [cmTC_e88a6] Error 1
make[1]: Leaving directory '/mnt/c/Users/chens/Desktop/Junior Year/Term 2/Open Source Software/Labs/lab-07/CI_CD_build/CMakeFiles/CMakeTmp'
Makefile:126: recipe for target 'cmTC_e88a6/fast' failed
make: *** [cmTC_e88a6/fast] Error 2

File /mnt/c/Users/chens/Desktop/Junior Year/Term 2/Open Source Software/Labs/lab-07/CI_CD_build/CMakeFiles/CMakeTmp/CheckSymbolExists.c:
/* */
#include <math.h>

int main(int argc, char** argv)
{
  (void)argv;
#ifndef exp
  return ((int*)(&exp))[argc];
#else
  (void)argc;
  return 0;
#endif
}

